Build started 5/24/2017 12:20:31 PM.
     1>Project "C:\Users\KAREN OKONKWO\Documents\Visual Studio 2010\Projects\GP Calculator\GP Calculator\GP Calculator.vcxproj" on node 2 (build target(s)).
     1>InitializeBuildStatus:
         Creating "Debug\GP Calculator.unsuccessfulbuild" because "AlwaysCreate" was specified.
       ClCompile:
         c:\Program Files (x86)\Microsoft Visual Studio 10.0\VC\bin\CL.exe /c /ZI /nologo /W3 /WX- /Od /Oy- /D WIN32 /D _DEBUG /D _CONSOLE /D _UNICODE /D UNICODE /Gm /EHsc /RTC1 /MDd /GS /fp:precise /Zc:wchar_t /Zc:forScope /Fo"Debug\\" /Fd"Debug\vc100.pdb" /Gd /TP /analyze- /errorReport:prompt Component.cpp
         Component.cpp
     1>c:\users\karen okonkwo\documents\visual studio 2010\projects\gp calculator\gp calculator\component.cpp(26): warning C4244: 'initializing' : conversion from 'float' to 'int', possible loss of data
     1>c:\users\karen okonkwo\documents\visual studio 2010\projects\gp calculator\gp calculator\component.cpp(27): warning C4101: 'grade' : unreferenced local variable
     1>c:\users\karen okonkwo\documents\visual studio 2010\projects\gp calculator\gp calculator\component.cpp(53): warning C4244: 'return' : conversion from 'int' to 'float', possible loss of data
     1>c:\users\karen okonkwo\documents\visual studio 2010\projects\gp calculator\gp calculator\component.cpp(144): warning C4244: 'initializing' : conversion from 'float' to 'int', possible loss of data
     1>c:\users\karen okonkwo\documents\visual studio 2010\projects\gp calculator\gp calculator\component.cpp(148): warning C4244: '=' : conversion from 'float' to 'int', possible loss of data
     1>c:\users\karen okonkwo\documents\visual studio 2010\projects\gp calculator\gp calculator\component.cpp(46): warning C4715: 'ScoreConverter' : not all control paths return a value
       ManifestResourceCompile:
         All outputs are up-to-date.
       Link:
         c:\Program Files (x86)\Microsoft Visual Studio 10.0\VC\bin\link.exe /ERRORREPORT:PROMPT /OUT:"C:\Users\KAREN OKONKWO\Documents\Visual Studio 2010\Projects\GP Calculator\Debug\GP Calculator.exe" /INCREMENTAL /NOLOGO kernel32.lib user32.lib gdi32.lib winspool.lib comdlg32.lib advapi32.lib shell32.lib ole32.lib oleaut32.lib uuid.lib odbc32.lib odbccp32.lib /MANIFEST /ManifestFile:"Debug\GP Calculator.exe.intermediate.manifest" /MANIFESTUAC:"level='asInvoker' uiAccess='false'" /DEBUG /PDB:"C:\Users\KAREN OKONKWO\Documents\Visual Studio 2010\Projects\GP Calculator\Debug\GP Calculator.pdb" /SUBSYSTEM:CONSOLE /TLBID:1 /DYNAMICBASE /NXCOMPAT /IMPLIB:"C:\Users\KAREN OKONKWO\Documents\Visual Studio 2010\Projects\GP Calculator\Debug\GP Calculator.lib" /MACHINE:X86 "Debug\GP Calculator.exe.embed.manifest.res"
         Debug\Component.obj
         Debug\main.obj
       Manifest:
         c:\Program Files (x86)\Microsoft SDKs\Windows\v7.0A\bin\mt.exe /nologo /verbose /out:"Debug\GP Calculator.exe.embed.manifest" /manifest "Debug\GP Calculator.exe.intermediate.manifest"
         All outputs are up-to-date.
       LinkEmbedManifest:
         All outputs are up-to-date.
         GP Calculator.vcxproj -> C:\Users\KAREN OKONKWO\Documents\Visual Studio 2010\Projects\GP Calculator\Debug\GP Calculator.exe
       FinalizeBuildStatus:
         Deleting file "Debug\GP Calculator.unsuccessfulbuild".
         Touching "Debug\GP Calculator.lastbuildstate".
     1>Done Building Project "C:\Users\KAREN OKONKWO\Documents\Visual Studio 2010\Projects\GP Calculator\GP Calculator\GP Calculator.vcxproj" (build target(s)).

Build succeeded.

Time Elapsed 00:00:02.45
