C:\USERS\KAREN OKONKWO\DOCUMENTS\VISUAL STUDIO 2010\PROJECTS\GP CALCULATOR\DEBUG\GP CALCULATOR.EXE
C:\USERS\KAREN OKONKWO\DOCUMENTS\VISUAL STUDIO 2010\PROJECTS\GP CALCULATOR\DEBUG\GP CALCULATOR.ILK
C:\USERS\KAREN OKONKWO\DOCUMENTS\VISUAL STUDIO 2010\PROJECTS\GP CALCULATOR\DEBUG\GP CALCULATOR.PDB
C:\Users\KAREN OKONKWO\Documents\Visual Studio 2010\Projects\GP Calculator\GP Calculator\Debug\cl.command.1.tlog
C:\Users\KAREN OKONKWO\Documents\Visual Studio 2010\Projects\GP Calculator\GP Calculator\Debug\CL.read.1.tlog
C:\Users\KAREN OKONKWO\Documents\Visual Studio 2010\Projects\GP Calculator\GP Calculator\Debug\CL.write.1.tlog
C:\USERS\KAREN OKONKWO\DOCUMENTS\VISUAL STUDIO 2010\PROJECTS\GP CALCULATOR\GP CALCULATOR\DEBUG\COMPONENT.OBJ
C:\USERS\KAREN OKONKWO\DOCUMENTS\VISUAL STUDIO 2010\PROJECTS\GP CALCULATOR\GP CALCULATOR\DEBUG\GP CALCULATOR.EXE.EMBED.MANIFEST
C:\USERS\KAREN OKONKWO\DOCUMENTS\VISUAL STUDIO 2010\PROJECTS\GP CALCULATOR\GP CALCULATOR\DEBUG\GP CALCULATOR.EXE.EMBED.MANIFEST.RES
C:\USERS\KAREN OKONKWO\DOCUMENTS\VISUAL STUDIO 2010\PROJECTS\GP CALCULATOR\GP CALCULATOR\DEBUG\GP CALCULATOR.EXE.INTERMEDIATE.MANIFEST
C:\Users\KAREN OKONKWO\Documents\Visual Studio 2010\Projects\GP Calculator\GP Calculator\Debug\GP Calculator.vcxprojResolveAssemblyReference.cache
C:\Users\KAREN OKONKWO\Documents\Visual Studio 2010\Projects\GP Calculator\GP Calculator\Debug\GP Calculator.write.1.tlog
C:\Users\KAREN OKONKWO\Documents\Visual Studio 2010\Projects\GP Calculator\GP Calculator\Debug\GP Calculator_manifest.rc
C:\Users\KAREN OKONKWO\Documents\Visual Studio 2010\Projects\GP Calculator\GP Calculator\Debug\link.2448.read.1.tlog
C:\Users\KAREN OKONKWO\Documents\Visual Studio 2010\Projects\GP Calculator\GP Calculator\Debug\link.2448.write.1.tlog
C:\Users\KAREN OKONKWO\Documents\Visual Studio 2010\Projects\GP Calculator\GP Calculator\Debug\link.2448-cvtres.read.1.tlog
C:\Users\KAREN OKONKWO\Documents\Visual Studio 2010\Projects\GP Calculator\GP Calculator\Debug\link.2448-cvtres.write.1.tlog
C:\Users\KAREN OKONKWO\Documents\Visual Studio 2010\Projects\GP Calculator\GP Calculator\Debug\link.6040.read.1.tlog
C:\Users\KAREN OKONKWO\Documents\Visual Studio 2010\Projects\GP Calculator\GP Calculator\Debug\link.6040.write.1.tlog
C:\Users\KAREN OKONKWO\Documents\Visual Studio 2010\Projects\GP Calculator\GP Calculator\Debug\link.6040-cvtres.read.1.tlog
C:\Users\KAREN OKONKWO\Documents\Visual Studio 2010\Projects\GP Calculator\GP Calculator\Debug\link.6040-cvtres.write.1.tlog
C:\Users\KAREN OKONKWO\Documents\Visual Studio 2010\Projects\GP Calculator\GP Calculator\Debug\link.6268.read.1.tlog
C:\Users\KAREN OKONKWO\Documents\Visual Studio 2010\Projects\GP Calculator\GP Calculator\Debug\link.6268.write.1.tlog
C:\Users\KAREN OKONKWO\Documents\Visual Studio 2010\Projects\GP Calculator\GP Calculator\Debug\link.6268-cvtres.read.1.tlog
C:\Users\KAREN OKONKWO\Documents\Visual Studio 2010\Projects\GP Calculator\GP Calculator\Debug\link.6268-cvtres.write.1.tlog
C:\Users\KAREN OKONKWO\Documents\Visual Studio 2010\Projects\GP Calculator\GP Calculator\Debug\link.command.1.tlog
C:\Users\KAREN OKONKWO\Documents\Visual Studio 2010\Projects\GP Calculator\GP Calculator\Debug\link.read.1.tlog
C:\Users\KAREN OKONKWO\Documents\Visual Studio 2010\Projects\GP Calculator\GP Calculator\Debug\link.write.1.tlog
C:\Users\KAREN OKONKWO\Documents\Visual Studio 2010\Projects\GP Calculator\GP Calculator\Debug\link-cvtres.read.1.tlog
C:\Users\KAREN OKONKWO\Documents\Visual Studio 2010\Projects\GP Calculator\GP Calculator\Debug\link-cvtres.write.1.tlog
C:\USERS\KAREN OKONKWO\DOCUMENTS\VISUAL STUDIO 2010\PROJECTS\GP CALCULATOR\GP CALCULATOR\DEBUG\MAIN.OBJ
C:\Users\KAREN OKONKWO\Documents\Visual Studio 2010\Projects\GP Calculator\GP Calculator\Debug\mt.command.1.tlog
C:\Users\KAREN OKONKWO\Documents\Visual Studio 2010\Projects\GP Calculator\GP Calculator\Debug\mt.read.1.tlog
C:\Users\KAREN OKONKWO\Documents\Visual Studio 2010\Projects\GP Calculator\GP Calculator\Debug\mt.write.1.tlog
C:\Users\KAREN OKONKWO\Documents\Visual Studio 2010\Projects\GP Calculator\GP Calculator\Debug\rc.command.1.tlog
C:\Users\KAREN OKONKWO\Documents\Visual Studio 2010\Projects\GP Calculator\GP Calculator\Debug\rc.read.1.tlog
C:\Users\KAREN OKONKWO\Documents\Visual Studio 2010\Projects\GP Calculator\GP Calculator\Debug\rc.write.1.tlog
C:\Users\KAREN OKONKWO\Documents\Visual Studio 2010\Projects\GP Calculator\GP Calculator\Debug\vc100.idb
C:\USERS\KAREN OKONKWO\DOCUMENTS\VISUAL STUDIO 2010\PROJECTS\GP CALCULATOR\GP CALCULATOR\DEBUG\VC100.PDB
